<?xml version="1.0" encoding="UTF-8"?>
<testsuite name="Cucumber" time="65.193" tests="14" skipped="0" failures="3" errors="0">
<testcase classname="Login functionality" name="Login with valid credentials - Example #1.1" time="5.548">
<system-out><![CDATA[
Given User navigates to login page..........................................passed
When User has enter valid email address amotooricap1@gmail.com into the email field.passed
And User has enter valid password 12345 into the password field.............passed
And User clicks on login button.............................................passed
Then User should get successfully logged in.................................passed
]]></system-out>
</testcase>
<testcase classname="Login functionality" name="Login with valid credentials - Example #1.2" time="4.673">
<system-out><![CDATA[
Given User navigates to login page..........................................passed
When User has enter valid email address amotooricap2@gmail.com into the email field.passed
And User has enter valid password 12345 into the password field.............passed
And User clicks on login button.............................................passed
Then User should get successfully logged in.................................passed
]]></system-out>
</testcase>
<testcase classname="Login functionality" name="Login with valid credentials - Example #1.3" time="4.712">
<system-out><![CDATA[
Given User navigates to login page..........................................passed
When User has enter valid email address amotooricap3@gmail.com into the email field.passed
And User has enter valid password 12345 into the password field.............passed
And User clicks on login button.............................................passed
Then User should get successfully logged in.................................passed
]]></system-out>
</testcase>
<testcase classname="Login functionality" name="Login with invalid credentials" time="4.455">
<system-out><![CDATA[
Given User navigates to login page..........................................passed
When User has enter invalid email address into the email field..............passed
And User has enter invalid password "123" into the password field...........passed
And User clicks on login button.............................................passed
Then User should get propper warning message about credentials mismatch.....passed
]]></system-out>
</testcase>
<testcase classname="Login functionality" name="Login with valid email and invalid password" time="4.507">
<failure type="java.lang.AssertionError">
<![CDATA[java.lang.AssertionError
	at org.junit.Assert.fail(Assert.java:86)
	at org.junit.Assert.assertTrue(Assert.java:41)
	at org.junit.Assert.assertTrue(Assert.java:52)
	at stepdefinations.Login.user_should_get_propper_warning_message_about_credentials_mismatch(Login.java:78)
	at ?.User should get propper warning message about credentials mismatch(file:///C:/SeleniumPractice/CucumberHybridFramework/TutorialsNinjaHybrid/src/test/resource/features/Login.feature:28)
]]>
</failure>
<system-out><![CDATA[
Given User navigates to login page..........................................passed
When User has enter valid email address "demoauto@gmail.com" into the email field.passed
And User has enter invalid password "123" into the password field...........passed
And User clicks on login button.............................................passed
Then User should get propper warning message about credentials mismatch.....failed
]]></system-out>
</testcase>
<testcase classname="Login functionality" name="Login with valid invalidemail and valid password" time="4.456">
<system-out><![CDATA[
Given User navigates to login page..........................................passed
When User has enter invalid email address into the email field..............passed
And User has enter valid password "soumya123" into the password field.......passed
And User clicks on login button.............................................passed
Then User should get propper warning message about credentials mismatch.....passed
]]></system-out>
</testcase>
<testcase classname="Login functionality" name="Login without providing any credentials" time="4.281">
<system-out><![CDATA[
Given User navigates to login page..........................................passed
When User dont enter email address into eamil field.........................passed
And User dont enter password into password field............................passed
And User clicks on login button.............................................passed
Then User should get propper warning message about credentials mismatch.....passed
]]></system-out>
</testcase>
<testcase classname="Registration functionality" name="User creates an account only with mandatory fields" time="5.697">
<failure type="java.lang.NullPointerException">
<![CDATA[java.lang.NullPointerException
	at pages.AccountSuccessPage.getPageHeading(AccountSuccessPage.java:30)
	at stepdefinations.Register.user_account_should_created_successfully(Register.java:85)
	at ?.User account should created successfully(file:///C:/SeleniumPractice/CucumberHybridFramework/TutorialsNinjaHybrid/src/test/resource/features/Register.feature:12)
]]>
</failure>
<system-out><![CDATA[
Given User navigates to Register Account page...............................passed
When User enters the below fields...........................................passed
And User selects privacy policy.............................................passed
And User clicks Continue button.............................................passed
Then User account should created successfully...............................failed
]]></system-out>
</testcase>
<testcase classname="Registration functionality" name="User creates an account with all fields" time="5.934">
<failure type="java.lang.NullPointerException">
<![CDATA[java.lang.NullPointerException
	at pages.AccountSuccessPage.getPageHeading(AccountSuccessPage.java:30)
	at stepdefinations.Register.user_account_should_created_successfully(Register.java:85)
	at ?.User account should created successfully(file:///C:/SeleniumPractice/CucumberHybridFramework/TutorialsNinjaHybrid/src/test/resource/features/Register.feature:24)
]]>
</failure>
<system-out><![CDATA[
Given User navigates to Register Account page...............................passed
When User enters the below fields...........................................passed
And User selects yes for Newsletter.........................................passed
And User selects privacy policy.............................................passed
And User clicks Continue button.............................................passed
Then User account should created successfully...............................failed
]]></system-out>
</testcase>
<testcase classname="Registration functionality" name="User creates an duplicate account" time="5.458">
<system-out><![CDATA[
Given User navigates to Register Account page...............................passed
When User enters the below fields with duplicate emailaddress...............passed
And User selects yes for Newsletter.........................................passed
And User selects privacy policy.............................................passed
And User clicks Continue button.............................................passed
Then User account should get propper warning message about duplicate emailaddress.passed
]]></system-out>
</testcase>
<testcase classname="Registration functionality" name="User creates an account without providing any details" time="4.359">
<system-out><![CDATA[
Given User navigates to Register Account page...............................passed
When User dont enters any details into fields...............................passed
And User clicks Continue button.............................................passed
Then User should get propper warning messages for every mandatory field.....passed
]]></system-out>
</testcase>
<testcase classname="Search functionality" name="User searches for valid product" time="3.573">
<system-out><![CDATA[
When User opens the aappliction.............................................passed
When User enters valid product "HP" into Search box field...................passed
And User clicks on Search button............................................passed
Then User should get valid product displyed in search results...............passed
]]></system-out>
</testcase>
<testcase classname="Search functionality" name="User searches for invalid product" time="3.708">
<system-out><![CDATA[
When User opens the aappliction.............................................passed
When User enters invalid product "HONDA" into Search box field..............passed
And User clicks on Search button............................................passed
Then User should get message about no product matching......................passed
]]></system-out>
</testcase>
<testcase classname="Search functionality" name="User searches without any product" time="3.531">
<system-out><![CDATA[
When User opens the aappliction.............................................passed
When User enters any product name into Search box field.....................passed
And User clicks on Search button............................................passed
Then User should get message about no product matching......................passed
]]></system-out>
</testcase>
</testsuite>
